<?xml version="1.0" encoding="UTF-8"?>
<!-- Generated by org.testng.reporters.JUnitXMLReporter -->
<testsuite ignored="1" hostname="OPS-PW0CLDZV" failures="0" tests="1" name="GRP-fake" time="3.629" errors="0" timestamp="2024-11-22T12:14:20 EST">
  <testcase classname="UI.CreateIncidentReport" name="secondTest" time="0.01"/>
  <testcase classname="UI.CreateIncidentReport" name="createIncidentReport" time="0.0">
    <ignored/>
  </testcase> <!-- createIncidentReport -->
</testsuite> <!-- GRP-fake -->
