<?xml version="1.0" encoding="UTF-8"?>
<!-- Generated by org.testng.reporters.JUnitXMLReporter -->
<testsuite ignored="0" hostname="OPS-PW0CLDZV" failures="0" tests="3" name="Default test" time="245.947" errors="0" timestamp="2024-12-31T15:03:18 EST">
  <testcase classname="UserTypeAccess.Department123" name="department1ViewIIR" time="118.769"/>
  <testcase classname="UserTypeAccess.Department123" name="department2ViewIIR" time="19.543"/>
  <testcase classname="UserTypeAccess.Department123" name="department3ViewIIREOIR" time="59.4"/>
</testsuite> <!-- Default test -->
