<?xml version="1.0" encoding="UTF-8"?>
<!-- Generated by org.testng.reporters.JUnitXMLReporter -->
<testsuite ignored="0" hostname="OPS-PW0CLDZV" failures="0" tests="8" name="Functional Testing" time="271.646" errors="0" timestamp="2025-01-03T09:56:45 EST">
  <testcase classname="ca.IRM.selenium.UserTypeAccess.StaffSergeant" name="createIncidentReport" time="28.528"/>
  <testcase classname="ca.IRM.selenium.UserTypeAccess.StaffSergeant" name="markIncidentReportConfidential" time="25.373"/>
  <testcase classname="ca.IRM.selenium.UserTypeAccess.StaffSergeant2" name="viewAndUpdate" time="1.899">
    <skipped/>
  </testcase> <!-- viewAndUpdate -->
  <testcase classname="ca.IRM.selenium.UserTypeAccess.StaffSergeant2" name="viewAndUpdate" time="14.244"/>
  <testcase classname="ca.IRM.selenium.UserTypeAccess.StaffSergeant3" name="createIncidentReport" time="35.759"/>
  <testcase classname="ca.IRM.selenium.UserTypeAccess.StaffSergeant3" name="markIncidentReportConfidentialNot" time="35.083"/>
  <testcase classname="ca.IRM.selenium.UserTypeAccess.StaffSergeant4" name="viewAndUpdateOnlyIIR" time="7.467">
    <skipped/>
  </testcase> <!-- viewAndUpdateOnlyIIR -->
  <testcase classname="ca.IRM.selenium.UserTypeAccess.StaffSergeant4" name="viewAndUpdateOnlyIIR" time="19.482"/>
</testsuite> <!-- Functional Testing -->
