<?xml version="1.0" encoding="UTF-8"?>
<!-- Generated by org.testng.reporters.JUnitXMLReporter -->
<testsuite ignored="0" hostname="OPS-PW0CLDZV" failures="0" tests="3" name="Functional Testing" time="248.84" errors="0" timestamp="2025-01-03T11:36:04 EST">
  <testcase classname="ca.IRM.selenium.UserTypeAccess.Department123" name="department1ViewIIR" time="118.898"/>
  <testcase classname="ca.IRM.selenium.UserTypeAccess.Department123" name="department2ViewIIR" time="20.519"/>
  <testcase classname="ca.IRM.selenium.UserTypeAccess.Department123" name="department3ViewIIREOIR" time="61.003"/>
</testsuite> <!-- Functional Testing -->
