<?xml version="1.0" encoding="UTF-8"?>
<testng-results ignored="0" total="3" passed="3" failed="0" skipped="0">
  <reporter-output>
  </reporter-output>
  <suite started-at="2025-01-03T11:31:55 EST" name="User Access Tests Cases" finished-at="2025-01-03T11:36:04 EST" duration-ms="248840">
    <groups>
      <group name="testing">
        <method signature="Department123.department1ViewIIR()[pri:0, instance:ca.IRM.selenium.UserTypeAccess.Department123@4b85880b]" name="department1ViewIIR" class="ca.IRM.selenium.UserTypeAccess.Department123"/>
        <method signature="Department123.department2ViewIIR()[pri:0, instance:ca.IRM.selenium.UserTypeAccess.Department123@4b85880b]" name="department2ViewIIR" class="ca.IRM.selenium.UserTypeAccess.Department123"/>
        <method signature="Department123.department3ViewIIREOIR()[pri:0, instance:ca.IRM.selenium.UserTypeAccess.Department123@4b85880b]" name="department3ViewIIREOIR" class="ca.IRM.selenium.UserTypeAccess.Department123"/>
      </group> <!-- testing -->
    </groups>
    <test started-at="2025-01-03T11:31:55 EST" name="Functional Testing" finished-at="2025-01-03T11:36:04 EST" duration-ms="248840">
      <class name="ca.IRM.selenium.UserTypeAccess.Department123">
        <test-method is-config="true" signature="setUpApplication()[pri:0, instance:ca.IRM.selenium.UserTypeAccess.Department123@4b85880b]" started-at="2025-01-03T11:31:55 EST" name="setUpApplication" finished-at="2025-01-03T11:32:33 EST" duration-ms="37339" status="PASS">
          <reporter-output>
          </reporter-output>
        </test-method> <!-- setUpApplication -->
        <test-method signature="department1ViewIIR()[pri:0, instance:ca.IRM.selenium.UserTypeAccess.Department123@4b85880b]" started-at="2025-01-03T11:32:33 EST" name="department1ViewIIR" finished-at="2025-01-03T11:34:31 EST" duration-ms="118898" status="PASS">
          <reporter-output>
          </reporter-output>
        </test-method> <!-- department1ViewIIR -->
        <test-method signature="department2ViewIIR()[pri:0, instance:ca.IRM.selenium.UserTypeAccess.Department123@4b85880b]" started-at="2025-01-03T11:34:31 EST" name="department2ViewIIR" finished-at="2025-01-03T11:34:52 EST" duration-ms="20519" status="PASS">
          <reporter-output>
          </reporter-output>
        </test-method> <!-- department2ViewIIR -->
        <test-method signature="department3ViewIIREOIR()[pri:0, instance:ca.IRM.selenium.UserTypeAccess.Department123@4b85880b]" started-at="2025-01-03T11:34:52 EST" name="department3ViewIIREOIR" finished-at="2025-01-03T11:35:53 EST" duration-ms="61003" status="PASS">
          <reporter-output>
          </reporter-output>
        </test-method> <!-- department3ViewIIREOIR -->
        <test-method is-config="true" signature="close()[pri:0, instance:ca.IRM.selenium.UserTypeAccess.Department123@4b85880b]" started-at="2025-01-03T11:35:53 EST" name="close" finished-at="2025-01-03T11:36:04 EST" duration-ms="11039" status="PASS">
          <reporter-output>
          </reporter-output>
        </test-method> <!-- close -->
      </class> <!-- ca.IRM.selenium.UserTypeAccess.Department123 -->
    </test> <!-- Functional Testing -->
  </suite> <!-- User Access Tests Cases -->
</testng-results>
